This is pdfTeX, Version 3.141592653-2.6-1.40.25 (MiKTeX 23.12) (preloaded format=pdflatex 2024.1.23)  27 JAN 2024 13:49
entering extended mode
 restricted \write18 enabled.
 %&-line parsing enabled.
**./tex2pdf.-ef964906f4c8b564/input.tex
(tex2pdf.-ef964906f4c8b564/input.tex
LaTeX2e <2023-11-01> patch level 1
L3 programming layer <2024-01-04>
(C:\Program Files\MiKTeX\tex/latex/base\article.cls
Document Class: article 2023/05/17 v1.4n Standard LaTeX document class
(C:\Program Files\MiKTeX\tex/latex/base\size10.clo
File: size10.clo 2023/05/17 v1.4n Standard LaTeX file (size option)
)
\c@part=\count187
\c@section=\count188
\c@subsection=\count189
\c@subsubsection=\count190
\c@paragraph=\count191
\c@subparagraph=\count192
\c@figure=\count193
\c@table=\count194
\abovecaptionskip=\skip48
\belowcaptionskip=\skip49
\bibindent=\dimen140
)
(C:\Program Files\MiKTeX\tex/latex/amsmath\amsmath.sty
Package: amsmath 2023/05/13 v2.17o AMS math features
\@mathmargin=\skip50

For additional information on amsmath, use the `?' option.
(C:\Program Files\MiKTeX\tex/latex/amsmath\amstext.sty
Package: amstext 2021/08/26 v2.01 AMS text

(C:\Program Files\MiKTeX\tex/latex/amsmath\amsgen.sty
File: amsgen.sty 1999/11/30 v2.0 generic functions
\@emptytoks=\toks17
\ex@=\dimen141
))
(C:\Program Files\MiKTeX\tex/latex/amsmath\amsbsy.sty
Package: amsbsy 1999/11/29 v1.2d Bold Symbols
\pmbraise@=\dimen142
)
(C:\Program Files\MiKTeX\tex/latex/amsmath\amsopn.sty
Package: amsopn 2022/04/08 v2.04 operator names
)
\inf@bad=\count195
LaTeX Info: Redefining \frac on input line 234.
\uproot@=\count196
\leftroot@=\count197
LaTeX Info: Redefining \overline on input line 399.
LaTeX Info: Redefining \colon on input line 410.
\classnum@=\count198
\DOTSCASE@=\count199
LaTeX Info: Redefining \ldots on input line 496.
LaTeX Info: Redefining \dots on input line 499.
LaTeX Info: Redefining \cdots on input line 620.
\Mathstrutbox@=\box51
\strutbox@=\box52
LaTeX Info: Redefining \big on input line 722.
LaTeX Info: Redefining \Big on input line 723.
LaTeX Info: Redefining \bigg on input line 724.
LaTeX Info: Redefining \Bigg on input line 725.
\big@size=\dimen143
LaTeX Font Info:    Redeclaring font encoding OML on input line 743.
LaTeX Font Info:    Redeclaring font encoding OMS on input line 744.
\macc@depth=\count266
LaTeX Info: Redefining \bmod on input line 905.
LaTeX Info: Redefining \pmod on input line 910.
LaTeX Info: Redefining \smash on input line 940.
LaTeX Info: Redefining \relbar on input line 970.
LaTeX Info: Redefining \Relbar on input line 971.
\c@MaxMatrixCols=\count267
\dotsspace@=\muskip16
\c@parentequation=\count268
\dspbrk@lvl=\count269
\tag@help=\toks18
\row@=\count270
\column@=\count271
\maxfields@=\count272
\andhelp@=\toks19
\eqnshift@=\dimen144
\alignsep@=\dimen145
\tagshift@=\dimen146
\tagwidth@=\dimen147
\totwidth@=\dimen148
\lineht@=\dimen149
\@envbody=\toks20
\multlinegap=\skip51
\multlinetaggap=\skip52
\mathdisplay@stack=\toks21
LaTeX Info: Redefining \[ on input line 2953.
LaTeX Info: Redefining \] on input line 2954.
)
(C:\Program Files\MiKTeX\tex/latex/amsfonts\amssymb.sty
Package: amssymb 2013/01/14 v3.01 AMS font symbols

(C:\Program Files\MiKTeX\tex/latex/amsfonts\amsfonts.sty
Package: amsfonts 2013/01/14 v3.01 Basic AMSFonts support
\symAMSa=\mathgroup4
\symAMSb=\mathgroup5
LaTeX Font Info:    Redeclaring math symbol \hbar on input line 98.
LaTeX Font Info:    Overwriting math alphabet `\mathfrak' in version `bold'
(Font)                  U/euf/m/n --> U/euf/b/n on input line 106.
))
(C:\Program Files\MiKTeX\tex/generic/iftex\iftex.sty
Package: iftex 2022/02/03 v1.0f TeX engine tests
)
(C:\Program Files\MiKTeX\tex/latex/base\fontenc.sty
Package: fontenc 2021/04/29 v2.0v Standard LaTeX package
)
(C:\Program Files\MiKTeX\tex/latex/base\inputenc.sty
Package: inputenc 2021/02/14 v1.3d Input encoding file
\inpenc@prehook=\toks22
\inpenc@posthook=\toks23
)
(C:\Program Files\MiKTeX\tex/latex/base\textcomp.sty
Package: textcomp 2020/02/02 v2.0n Standard LaTeX package
)
(C:\Program Files\MiKTeX\tex/latex/lm\lmodern.sty
Package: lmodern 2015/05/01 v1.6.1 Latin Modern Fonts
LaTeX Font Info:    Overwriting symbol font `operators' in version `normal'
(Font)                  OT1/cmr/m/n --> OT1/lmr/m/n on input line 22.
LaTeX Font Info:    Overwriting symbol font `letters' in version `normal'
(Font)                  OML/cmm/m/it --> OML/lmm/m/it on input line 23.
LaTeX Font Info:    Overwriting symbol font `symbols' in version `normal'
(Font)                  OMS/cmsy/m/n --> OMS/lmsy/m/n on input line 24.
LaTeX Font Info:    Overwriting symbol font `largesymbols' in version `normal'
(Font)                  OMX/cmex/m/n --> OMX/lmex/m/n on input line 25.
LaTeX Font Info:    Overwriting symbol font `operators' in version `bold'
(Font)                  OT1/cmr/bx/n --> OT1/lmr/bx/n on input line 26.
LaTeX Font Info:    Overwriting symbol font `letters' in version `bold'
(Font)                  OML/cmm/b/it --> OML/lmm/b/it on input line 27.
LaTeX Font Info:    Overwriting symbol font `symbols' in version `bold'
(Font)                  OMS/cmsy/b/n --> OMS/lmsy/b/n on input line 28.
LaTeX Font Info:    Overwriting symbol font `largesymbols' in version `bold'
(Font)                  OMX/cmex/m/n --> OMX/lmex/m/n on input line 29.
LaTeX Font Info:    Overwriting math alphabet `\mathbf' in version `normal'
(Font)                  OT1/cmr/bx/n --> OT1/lmr/bx/n on input line 31.
LaTeX Font Info:    Overwriting math alphabet `\mathsf' in version `normal'
(Font)                  OT1/cmss/m/n --> OT1/lmss/m/n on input line 32.
LaTeX Font Info:    Overwriting math alphabet `\mathit' in version `normal'
(Font)                  OT1/cmr/m/it --> OT1/lmr/m/it on input line 33.
LaTeX Font Info:    Overwriting math alphabet `\mathtt' in version `normal'
(Font)                  OT1/cmtt/m/n --> OT1/lmtt/m/n on input line 34.
LaTeX Font Info:    Overwriting math alphabet `\mathbf' in version `bold'
(Font)                  OT1/cmr/bx/n --> OT1/lmr/bx/n on input line 35.
LaTeX Font Info:    Overwriting math alphabet `\mathsf' in version `bold'
(Font)                  OT1/cmss/bx/n --> OT1/lmss/bx/n on input line 36.
LaTeX Font Info:    Overwriting math alphabet `\mathit' in version `bold'
(Font)                  OT1/cmr/bx/it --> OT1/lmr/bx/it on input line 37.
LaTeX Font Info:    Overwriting math alphabet `\mathtt' in version `bold'
(Font)                  OT1/cmtt/m/n --> OT1/lmtt/m/n on input line 38.
)
(C:\Users\Caplogy_Data_002\AppData\Roaming\MiKTeX\tex/latex/upquote\upquote.sty
Package: upquote 2012/04/19 v1.3 upright-quote and grave-accent glyphs in verba
tim
)
(C:\Users\Caplogy_Data_002\AppData\Roaming\MiKTeX\tex/latex/microtype\microtype
.sty
Package: microtype 2023/03/13 v3.1a Micro-typographical refinements (RS)
 (C:\Program Files\MiKTeX\tex/latex/graphics\keyval.sty
Package: keyval 2022/05/29 v1.15 key=value parser (DPC)
\KV@toks@=\toks24
)
(C:\Program Files\MiKTeX\tex/latex/etoolbox\etoolbox.sty
Package: etoolbox 2020/10/05 v2.5k e-TeX tools for LaTeX (JAW)
\etb@tempcnta=\count273
)
\MT@toks=\toks25
\MT@tempbox=\box53
\MT@count=\count274
LaTeX Info: Redefining \noprotrusionifhmode on input line 1059.
LaTeX Info: Redefining \leftprotrusion on input line 1060.
\MT@prot@toks=\toks26
LaTeX Info: Redefining \rightprotrusion on input line 1078.
LaTeX Info: Redefining \textls on input line 1368.
\MT@outer@kern=\dimen150
LaTeX Info: Redefining \textmicrotypecontext on input line 1988.
\MT@listname@count=\count275

(C:\Users\Caplogy_Data_002\AppData\Roaming\MiKTeX\tex/latex/microtype\microtype
-pdftex.def
File: microtype-pdftex.def 2023/03/13 v3.1a Definitions specific to pdftex (RS)

LaTeX Info: Redefining \lsstyle on input line 902.
LaTeX Info: Redefining \lslig on input line 902.
\MT@outer@space=\skip53
)
Package microtype Info: Loading configuration file microtype.cfg.

(C:\Users\Caplogy_Data_002\AppData\Roaming\MiKTeX\tex/latex/microtype\microtype
.cfg
File: microtype.cfg 2023/03/13 v3.1a microtype main configuration file (RS)
))
(C:\Users\Caplogy_Data_002\AppData\Roaming\MiKTeX\tex/latex/parskip\parskip.sty
Package: parskip 2021-03-14 v2.0h non-zero parskip adjustments

(C:\Users\Caplogy_Data_002\AppData\Roaming\MiKTeX\tex/latex/kvoptions\kvoptions
.sty
Package: kvoptions 2022-06-15 v3.15 Key value format for package options (HO)

(C:\Users\Caplogy_Data_002\AppData\Roaming\MiKTeX\tex/generic/ltxcmds\ltxcmds.s
ty
Package: ltxcmds 2023-12-04 v1.26 LaTeX kernel commands for general use (HO)
)
(C:\Users\Caplogy_Data_002\AppData\Roaming\MiKTeX\tex/latex/kvsetkeys\kvsetkeys
.sty
Package: kvsetkeys 2022-10-05 v1.19 Key value parser (HO)
))) (C:\Program Files\MiKTeX\tex/latex/xcolor\xcolor.sty
Package: xcolor 2023/11/15 v3.01 LaTeX color extensions (UK)

(C:\Program Files\MiKTeX\tex/latex/graphics-cfg\color.cfg
File: color.cfg 2016/01/02 v1.6 sample color configuration
)
Package xcolor Info: Driver file: pdftex.def on input line 274.

(C:\Program Files\MiKTeX\tex/latex/graphics-def\pdftex.def
File: pdftex.def 2022/09/22 v1.2b Graphics/color driver for pdftex
)
(C:\Program Files\MiKTeX\tex/latex/graphics\mathcolor.ltx)
Package xcolor Info: Model `cmy' substituted by `cmy0' on input line 1350.
Package xcolor Info: Model `hsb' substituted by `rgb' on input line 1354.
Package xcolor Info: Model `RGB' extended on input line 1366.
Package xcolor Info: Model `HTML' substituted by `rgb' on input line 1368.
Package xcolor Info: Model `Hsb' substituted by `hsb' on input line 1369.
Package xcolor Info: Model `tHsb' substituted by `hsb' on input line 1370.
Package xcolor Info: Model `HSB' substituted by `hsb' on input line 1371.
Package xcolor Info: Model `Gray' substituted by `gray' on input line 1372.
Package xcolor Info: Model `wave' substituted by `hsb' on input line 1373.
)
(C:\Program Files\MiKTeX\tex/latex/graphics\graphicx.sty
Package: graphicx 2021/09/16 v1.2d Enhanced LaTeX Graphics (DPC,SPQR)

(C:\Program Files\MiKTeX\tex/latex/graphics\graphics.sty
Package: graphics 2022/03/10 v1.4e Standard LaTeX Graphics (DPC,SPQR)

(C:\Program Files\MiKTeX\tex/latex/graphics\trig.sty
Package: trig 2021/08/11 v1.11 sin cos tan (DPC)
)
(C:\Program Files\MiKTeX\tex/latex/graphics-cfg\graphics.cfg
File: graphics.cfg 2016/06/04 v1.11 sample graphics configuration
)
Package graphics Info: Driver file: pdftex.def on input line 107.
)
\Gin@req@height=\dimen151
\Gin@req@width=\dimen152
)
(C:\Users\Caplogy_Data_002\AppData\Roaming\MiKTeX\tex/latex/bookmark\bookmark.s
ty
Package: bookmark 2023-12-10 v1.31 PDF bookmarks (HO)
 (C:\Program Files\MiKTeX\tex/latex/hyperref\hyperref.sty
Package: hyperref 2023-11-26 v7.01g Hypertext links for LaTeX

(C:\Users\Caplogy_Data_002\AppData\Roaming\MiKTeX\tex/generic/infwarerr\infware
rr.sty
Package: infwarerr 2019/12/03 v1.5 Providing info/warning/error messages (HO)
)
(C:\Users\Caplogy_Data_002\AppData\Roaming\MiKTeX\tex/generic/kvdefinekeys\kvde
finekeys.sty
Package: kvdefinekeys 2019-12-19 v1.6 Define keys (HO)
)
(C:\Users\Caplogy_Data_002\AppData\Roaming\MiKTeX\tex/generic/pdfescape\pdfesca
pe.sty
Package: pdfescape 2019/12/09 v1.15 Implements pdfTeX's escape features (HO)
 (C:\Program Files\MiKTeX\tex/generic/pdftexcmds\pdftexcmds.sty
Package: pdftexcmds 2020-06-27 v0.33 Utility functions of pdfTeX for LuaTeX (HO
)
Package pdftexcmds Info: \pdf@primitive is available.
Package pdftexcmds Info: \pdf@ifprimitive is available.
Package pdftexcmds Info: \pdfdraftmode found.
))
(C:\Users\Caplogy_Data_002\AppData\Roaming\MiKTeX\tex/latex/hycolor\hycolor.sty
Package: hycolor 2020-01-27 v1.10 Color options for hyperref/bookmark (HO)
)
(C:\Users\Caplogy_Data_002\AppData\Roaming\MiKTeX\tex/latex/letltxmacro\letltxm
acro.sty
Package: letltxmacro 2019/12/03 v1.6 Let assignment for LaTeX macros (HO)
)
(C:\Users\Caplogy_Data_002\AppData\Roaming\MiKTeX\tex/latex/auxhook\auxhook.sty
Package: auxhook 2019-12-17 v1.6 Hooks for auxiliary files (HO)
) (C:\Program Files\MiKTeX\tex/latex/hyperref\nameref.sty
Package: nameref 2023-11-26 v2.56 Cross-referencing by name of section

(C:\Users\Caplogy_Data_002\AppData\Roaming\MiKTeX\tex/latex/refcount\refcount.s
ty
Package: refcount 2019/12/15 v3.6 Data extraction from label references (HO)
)
(C:\Users\Caplogy_Data_002\AppData\Roaming\MiKTeX\tex/generic/gettitlestring\ge
ttitlestring.sty
Package: gettitlestring 2019/12/15 v1.6 Cleanup title references (HO)
)
\c@section@level=\count276
)
\@linkdim=\dimen153
\Hy@linkcounter=\count277
\Hy@pagecounter=\count278
 (C:\Program Files\MiKTeX\tex/latex/hyperref\pd1enc.def
File: pd1enc.def 2023-11-26 v7.01g Hyperref: PDFDocEncoding definition (HO)
Now handling font encoding PD1 ...
... no UTF-8 mapping file for font encoding PD1
)
(C:\Users\Caplogy_Data_002\AppData\Roaming\MiKTeX\tex/generic/intcalc\intcalc.s
ty
Package: intcalc 2019/12/15 v1.3 Expandable calculations with integers (HO)
)
\Hy@SavedSpaceFactor=\count279
 (C:\Program Files\MiKTeX\tex/latex/hyperref\puenc.def
File: puenc.def 2023-11-26 v7.01g Hyperref: PDF Unicode definition (HO)
Now handling font encoding PU ...
... no UTF-8 mapping file for font encoding PU
)
Package hyperref Info: Option `unicode' set `true' on input line 4064.
Package hyperref Info: Hyper figures OFF on input line 4181.
Package hyperref Info: Link nesting OFF on input line 4186.
Package hyperref Info: Hyper index ON on input line 4189.
Package hyperref Info: Plain pages OFF on input line 4196.
Package hyperref Info: Backreferencing OFF on input line 4201.
Package hyperref Info: Implicit mode ON; LaTeX internals redefined.
Package hyperref Info: Bookmarks ON on input line 4448.
\c@Hy@tempcnt=\count280

(C:\Program Files\MiKTeX\tex/latex/url\url.sty
\Urlmuskip=\muskip17
Package: url 2013/09/16  ver 3.4  Verb mode for urls, etc.
)
LaTeX Info: Redefining \url on input line 4786.
\XeTeXLinkMargin=\dimen154

(C:\Users\Caplogy_Data_002\AppData\Roaming\MiKTeX\tex/generic/bitset\bitset.sty
Package: bitset 2019/12/09 v1.3 Handle bit-vector datatype (HO)

(C:\Users\Caplogy_Data_002\AppData\Roaming\MiKTeX\tex/generic/bigintcalc\bigint
calc.sty
Package: bigintcalc 2019/12/15 v1.5 Expandable calculations on big integers (HO
)
))
\Fld@menulength=\count281
\Field@Width=\dimen155
\Fld@charsize=\dimen156
Package hyperref Info: Hyper figures OFF on input line 6065.
Package hyperref Info: Link nesting OFF on input line 6070.
Package hyperref Info: Hyper index ON on input line 6073.
Package hyperref Info: backreferencing OFF on input line 6080.
Package hyperref Info: Link coloring OFF on input line 6085.
Package hyperref Info: Link coloring with OCG OFF on input line 6090.
Package hyperref Info: PDF/A mode OFF on input line 6095.
 (C:\Program Files\MiKTeX\tex/latex/base\atbegshi-ltx.sty
Package: atbegshi-ltx 2021/01/10 v1.0c Emulation of the original atbegshi
package with kernel methods
)
\Hy@abspage=\count282
\c@Item=\count283
\c@Hfootnote=\count284
)
Package hyperref Info: Driver (autodetected): hpdftex.

(C:\Program Files\MiKTeX\tex/latex/hyperref\hpdftex.def
File: hpdftex.def 2023-11-26 v7.01g Hyperref driver for pdfTeX

(C:\Program Files\MiKTeX\tex/latex/base\atveryend-ltx.sty
Package: atveryend-ltx 2020/08/19 v1.0a Emulation of the original atveryend pac
kage
with kernel methods
)
\Fld@listcount=\count285
\c@bookmark@seq@number=\count286

(C:\Users\Caplogy_Data_002\AppData\Roaming\MiKTeX\tex/latex/rerunfilecheck\reru
nfilecheck.sty
Package: rerunfilecheck 2022-07-10 v1.10 Rerun checks for auxiliary files (HO)

(C:\Users\Caplogy_Data_002\AppData\Roaming\MiKTeX\tex/generic/uniquecounter\uni
quecounter.sty
Package: uniquecounter 2019/12/15 v1.4 Provide unlimited unique counter (HO)
)
Package uniquecounter Info: New unique counter `rerunfilecheck' on input line 2
85.
)
\Hy@SectionHShift=\skip54
)
(C:\Users\Caplogy_Data_002\AppData\Roaming\MiKTeX\tex/latex/bookmark\bkm-pdftex
.def
File: bkm-pdftex.def 2023-12-10 v1.31 bookmark driver for pdfTeX and luaTeX (HO
)
\BKM@id=\count287
))
(C:\Users\Caplogy_Data_002\AppData\Roaming\MiKTeX\tex/latex/xurl\xurl.sty
Package: xurl 2022/01/09 v 0.10 modify URL breaks
)
LaTeX Font Info:    Trying to load font information for T1+lmr on input line 69
.

(C:\Program Files\MiKTeX\tex/latex/lm\t1lmr.fd
File: t1lmr.fd 2015/05/01 v1.6.1 Font defs for Latin Modern
)
(C:\Program Files\MiKTeX\tex/latex/l3backend\l3backend-pdftex.def
File: l3backend-pdftex.def 2024-01-04 L3 backend support: PDF output (pdfTeX)
\l__color_backend_stack_int=\count288
\l__pdf_internal_box=\box54
)
(C:\DevOps_Tools_Step_By_Step\Section26_GitOps\prerequis\./tex2pdf.-ef964906f4c
8b564\input.aux)
\openout1 = `input.aux'.

LaTeX Font Info:    Checking defaults for OML/cmm/m/it on input line 69.
LaTeX Font Info:    ... okay on input line 69.
LaTeX Font Info:    Checking defaults for OMS/cmsy/m/n on input line 69.
LaTeX Font Info:    ... okay on input line 69.
LaTeX Font Info:    Checking defaults for OT1/cmr/m/n on input line 69.
LaTeX Font Info:    ... okay on input line 69.
LaTeX Font Info:    Checking defaults for T1/cmr/m/n on input line 69.
LaTeX Font Info:    ... okay on input line 69.
LaTeX Font Info:    Checking defaults for TS1/cmr/m/n on input line 69.
LaTeX Font Info:    ... okay on input line 69.
LaTeX Font Info:    Checking defaults for OMX/cmex/m/n on input line 69.
LaTeX Font Info:    ... okay on input line 69.
LaTeX Font Info:    Checking defaults for U/cmr/m/n on input line 69.
LaTeX Font Info:    ... okay on input line 69.
LaTeX Font Info:    Checking defaults for PD1/pdf/m/n on input line 69.
LaTeX Font Info:    ... okay on input line 69.
LaTeX Font Info:    Checking defaults for PU/pdf/m/n on input line 69.
LaTeX Font Info:    ... okay on input line 69.
LaTeX Info: Redefining \microtypecontext on input line 69.
Package microtype Info: Applying patch `item' on input line 69.
Package microtype Info: Applying patch `toc' on input line 69.
Package microtype Info: Applying patch `eqnum' on input line 69.
Package microtype Info: Applying patch `footnote' on input line 69.
Package microtype Info: Applying patch `verbatim' on input line 69.
Package microtype Info: Generating PDF output.
Package microtype Info: Character protrusion enabled (level 2).
Package microtype Info: Using protrusion set `basicmath'.
Package microtype Info: Automatic font expansion enabled (level 2),
(microtype)             stretch: 20, shrink: 20, step: 1, non-selected.
Package microtype Info: Using default expansion set `alltext-nott'.
LaTeX Info: Redefining \showhyphens on input line 69.
Package microtype Info: No adjustment of tracking.
Package microtype Info: No adjustment of interword spacing.
Package microtype Info: No adjustment of character kerning.

(C:\Users\Caplogy_Data_002\AppData\Roaming\MiKTeX\tex/latex/microtype\mt-cmr.cf
g
File: mt-cmr.cfg 2013/05/19 v2.2 microtype config. file: Computer Modern Roman 
(RS)
) (C:\Program Files\MiKTeX\tex/context/base/mkii\supp-pdf.mkii
[Loading MPS to PDF converter (version 2006.09.02).]
\scratchcounter=\count289
\scratchdimen=\dimen157
\scratchbox=\box55
\nofMPsegments=\count290
\nofMParguments=\count291
\everyMPshowfont=\toks27
\MPscratchCnt=\count292
\MPscratchDim=\dimen158
\MPnumerator=\count293
\makeMPintoPDFobject=\count294
\everyMPtoPDFconversion=\toks28
) (C:\Program Files\MiKTeX\tex/latex/epstopdf-pkg\epstopdf-base.sty
Package: epstopdf-base 2020-01-24 v2.11 Base part for package epstopdf
Package epstopdf-base Info: Redefining graphics rule for `.eps' on input line 4
85.

(C:\Program Files\MiKTeX\tex/latex/00miktex\epstopdf-sys.cfg
File: epstopdf-sys.cfg 2021/03/18 v2.0 Configuration of epstopdf for MiKTeX
))
Package hyperref Info: Link coloring OFF on input line 69.
LaTeX Font Info:    Trying to load font information for TS1+lmr on input line 7
8.

(C:\Program Files\MiKTeX\tex/latex/lm\ts1lmr.fd
File: ts1lmr.fd 2015/05/01 v1.6.1 Font defs for Latin Modern
)
LaTeX Font Info:    Trying to load font information for T1+lmtt on input line 7
8.

(C:\Program Files\MiKTeX\tex/latex/lm\t1lmtt.fd
File: t1lmtt.fd 2015/05/01 v1.6.1 Font defs for Latin Modern
)
<./tex2pdf.-ef964906f4c8b564/1bc0e2937639717e643f9fb4f62a38a2c86c03c7.jpeg, id=
3, 678.535pt x 356.33125pt>
File: ./tex2pdf.-ef964906f4c8b564/1bc0e2937639717e643f9fb4f62a38a2c86c03c7.jpeg
 Graphic file (type jpg)
<use ./tex2pdf.-ef964906f4c8b564/1bc0e2937639717e643f9fb4f62a38a2c86c03c7.jpeg>

Package pdftex.def Info: ./tex2pdf.-ef964906f4c8b564/1bc0e2937639717e643f9fb4f6
2a38a2c86c03c7.jpeg  used on input line 105.
(pdftex.def)             Requested size: 344.9922pt x 181.17194pt.
 [1

{C:/Users/Caplogy_Data_002/AppData/Local/MiKTeX/fonts/map/pdftex/pdftex.map}{C:
/Program Files/MiKTeX/fonts/enc/dvips/lm/lm-ec.enc}{C:/Program Files/MiKTeX/fon
ts/enc/dvips/lm/lm-ts1.enc} <./tex2pdf.-ef964906f4c8b564/1bc0e2937639717e643f9f
b4f62a38a2c86c03c7.jpeg>]
<./tex2pdf.-ef964906f4c8b564/b59ea9234b328bcb6ee4e088cec409d95882a88b.jpeg, id=
25, 695.59875pt x 397.485pt>
File: ./tex2pdf.-ef964906f4c8b564/b59ea9234b328bcb6ee4e088cec409d95882a88b.jpeg
 Graphic file (type jpg)
<use ./tex2pdf.-ef964906f4c8b564/b59ea9234b328bcb6ee4e088cec409d95882a88b.jpeg>

Package pdftex.def Info: ./tex2pdf.-ef964906f4c8b564/b59ea9234b328bcb6ee4e088ce
c409d95882a88b.jpeg  used on input line 181.
(pdftex.def)             Requested size: 344.99643pt x 197.14081pt.

[2]
<./tex2pdf.-ef964906f4c8b564/9ba20429b4d1d540f703d0fa6ba549cf0dc8af05.jpeg, id=
35, 613.29124pt x 157.58875pt>
File: ./tex2pdf.-ef964906f4c8b564/9ba20429b4d1d540f703d0fa6ba549cf0dc8af05.jpeg
 Graphic file (type jpg)
<use ./tex2pdf.-ef964906f4c8b564/9ba20429b4d1d540f703d0fa6ba549cf0dc8af05.jpeg>

Package pdftex.def Info: ./tex2pdf.-ef964906f4c8b564/9ba20429b4d1d540f703d0fa6b
a549cf0dc8af05.jpeg  used on input line 212.
(pdftex.def)             Requested size: 345.00354pt x 88.65065pt.
<./tex2pdf.-ef964906f4c8b564/34d1d3c97f3322c31b25989810139438708d07eb.jpeg, id=
36, 848.16875pt x 236.885pt>
File: ./tex2pdf.-ef964906f4c8b564/34d1d3c97f3322c31b25989810139438708d07eb.jpeg
 Graphic file (type jpg)
<use ./tex2pdf.-ef964906f4c8b564/34d1d3c97f3322c31b25989810139438708d07eb.jpeg>

Package pdftex.def Info: ./tex2pdf.-ef964906f4c8b564/34d1d3c97f3322c31b25989810
139438708d07eb.jpeg  used on input line 232.
(pdftex.def)             Requested size: 344.99478pt x 96.35356pt.
 [3 <./tex2pdf.-ef964906f4c8b564/b59ea9234b328bcb6ee4e088cec409d95882a88b.jpeg>
 <./tex2pdf.-ef964906f4c8b564/9ba20429b4d1d540f703d0fa6ba549cf0dc8af05.jpeg>]
<./tex2pdf.-ef964906f4c8b564/5c2c889bd65e9ac7e975bef4835d050754c63655.jpeg, id=
45, 859.21pt x 123.46124pt>
File: ./tex2pdf.-ef964906f4c8b564/5c2c889bd65e9ac7e975bef4835d050754c63655.jpeg
 Graphic file (type jpg)
<use ./tex2pdf.-ef964906f4c8b564/5c2c889bd65e9ac7e975bef4835d050754c63655.jpeg>

Package pdftex.def Info: ./tex2pdf.-ef964906f4c8b564/5c2c889bd65e9ac7e975bef483
5d050754c63655.jpeg  used on input line 251.
(pdftex.def)             Requested size: 345.00208pt x 49.57388pt.
<./tex2pdf.-ef964906f4c8b564/6ed2699e3181fae64c7296fcb33fdfce72db8ccc.jpeg, id=
46, 836.12375pt x 156.585pt>
File: ./tex2pdf.-ef964906f4c8b564/6ed2699e3181fae64c7296fcb33fdfce72db8ccc.jpeg
 Graphic file (type jpg)
<use ./tex2pdf.-ef964906f4c8b564/6ed2699e3181fae64c7296fcb33fdfce72db8ccc.jpeg>

Package pdftex.def Info: ./tex2pdf.-ef964906f4c8b564/6ed2699e3181fae64c7296fcb3
3fdfce72db8ccc.jpeg  used on input line 259.
(pdftex.def)             Requested size: 345.00737pt x 64.61122pt.
<./tex2pdf.-ef964906f4c8b564/b5383e92fc279ef9e7c3d5e6b2ea87ec826ab864.jpeg, id=
47, 858.20625pt x 158.5925pt>
File: ./tex2pdf.-ef964906f4c8b564/b5383e92fc279ef9e7c3d5e6b2ea87ec826ab864.jpeg
 Graphic file (type jpg)
<use ./tex2pdf.-ef964906f4c8b564/b5383e92fc279ef9e7c3d5e6b2ea87ec826ab864.jpeg>

Package pdftex.def Info: ./tex2pdf.-ef964906f4c8b564/b5383e92fc279ef9e7c3d5e6b2
ea87ec826ab864.jpeg  used on input line 276.
(pdftex.def)             Requested size: 345.00497pt x 63.7553pt.

Underfull \hbox (badness 6268) in paragraph at lines 281--281
[][]\T1/lmr/bx/n/14.4 (+20) Génération d'un cer-ti-fi-cat auto-signé avec
 []

[4 <./tex2pdf.-ef964906f4c8b564/34d1d3c97f3322c31b25989810139438708d07eb.jpeg> 
<./tex2pdf.-ef964906f4c8b564/5c2c889bd65e9ac7e975bef4835d050754c63655.jpeg> <./
tex2pdf.-ef964906f4c8b564/6ed2699e3181fae64c7296fcb33fdfce72db8ccc.jpeg>]
<./tex2pdf.-ef964906f4c8b564/18787a1b606e363593bd242f71b12f17e4906d30.jpeg, id=
58, 760.8425pt x 88.33pt>
File: ./tex2pdf.-ef964906f4c8b564/18787a1b606e363593bd242f71b12f17e4906d30.jpeg
 Graphic file (type jpg)
<use ./tex2pdf.-ef964906f4c8b564/18787a1b606e363593bd242f71b12f17e4906d30.jpeg>

Package pdftex.def Info: ./tex2pdf.-ef964906f4c8b564/18787a1b606e363593bd242f71
b12f17e4906d30.jpeg  used on input line 309.
(pdftex.def)             Requested size: 345.01132pt x 40.05408pt.
<./tex2pdf.-ef964906f4c8b564/c1435b2ec5ea4ac4cabdb840145bcdf3486664c1.jpeg, id=
59, 864.22874pt x 146.5475pt>
File: ./tex2pdf.-ef964906f4c8b564/c1435b2ec5ea4ac4cabdb840145bcdf3486664c1.jpeg
 Graphic file (type jpg)
<use ./tex2pdf.-ef964906f4c8b564/c1435b2ec5ea4ac4cabdb840145bcdf3486664c1.jpeg>

Package pdftex.def Info: ./tex2pdf.-ef964906f4c8b564/c1435b2ec5ea4ac4cabdb84014
5bcdf3486664c1.jpeg  used on input line 321.
(pdftex.def)             Requested size: 344.99963pt x 58.50166pt.
<./tex2pdf.-ef964906f4c8b564/b208a9b6b9973dd77743de9e924bc40d84d4c9ff.jpeg, id=
60, 854.19125pt x 253.94875pt>
File: ./tex2pdf.-ef964906f4c8b564/b208a9b6b9973dd77743de9e924bc40d84d4c9ff.jpeg
 Graphic file (type jpg)
<use ./tex2pdf.-ef964906f4c8b564/b208a9b6b9973dd77743de9e924bc40d84d4c9ff.jpeg>

Package pdftex.def Info: ./tex2pdf.-ef964906f4c8b564/b208a9b6b9973dd77743de9e92
4bc40d84d4c9ff.jpeg  used on input line 341.
(pdftex.def)             Requested size: 344.9941pt x 102.5658pt.

[5 <./tex2pdf.-ef964906f4c8b564/b5383e92fc279ef9e7c3d5e6b2ea87ec826ab864.jpeg> 
<./tex2pdf.-ef964906f4c8b564/18787a1b606e363593bd242f71b12f17e4906d30.jpeg> <./
tex2pdf.-ef964906f4c8b564/c1435b2ec5ea4ac4cabdb840145bcdf3486664c1.jpeg>]
<./tex2pdf.-ef964906f4c8b564/52d84c5eea7960044ee1d2a9fee6b98c32aa5426.jpeg, id=
71, 875.27pt x 70.2625pt>
File: ./tex2pdf.-ef964906f4c8b564/52d84c5eea7960044ee1d2a9fee6b98c32aa5426.jpeg
 Graphic file (type jpg)
<use ./tex2pdf.-ef964906f4c8b564/52d84c5eea7960044ee1d2a9fee6b98c32aa5426.jpeg>

Package pdftex.def Info: ./tex2pdf.-ef964906f4c8b564/52d84c5eea7960044ee1d2a9fe
e6b98c32aa5426.jpeg  used on input line 384.
(pdftex.def)             Requested size: 344.99998pt x 27.69495pt.

Overfull \hbox (34.25659pt too wide) in paragraph at lines 394--396
[]\T1/lmr/m/n/10 (-20) Ouvrez la con-sole \T1/lmtt/m/n/10 Amazon EC2 \T1/lmr/m/
n/10 (-20) à l'adresse \T1/lmtt/m/n/10 https://console.aws.amzon.com/ec2/ 
 []

[6 <./tex2pdf.-ef964906f4c8b564/b208a9b6b9973dd77743de9e924bc40d84d4c9ff.jpeg> 
<./tex2pdf.-ef964906f4c8b564/52d84c5eea7960044ee1d2a9fee6b98c32aa5426.jpeg>]
<./tex2pdf.-ef964906f4c8b564/afd876be6892cadfcd37d9f52cb2d80956c63331.jpeg, id=
78, 899.36pt x 273.02pt>
File: ./tex2pdf.-ef964906f4c8b564/afd876be6892cadfcd37d9f52cb2d80956c63331.jpeg
 Graphic file (type jpg)
<use ./tex2pdf.-ef964906f4c8b564/afd876be6892cadfcd37d9f52cb2d80956c63331.jpeg>

Package pdftex.def Info: ./tex2pdf.-ef964906f4c8b564/afd876be6892cadfcd37d9f52c
b2d80956c63331.jpeg  used on input line 412.
(pdftex.def)             Requested size: 344.99901pt x 104.73184pt.
<./tex2pdf.-ef964906f4c8b564/ae7a112915ec40bddabe156eb04de8b7734ed374.jpeg, id=
79, 868.24374pt x 130.4875pt>
File: ./tex2pdf.-ef964906f4c8b564/ae7a112915ec40bddabe156eb04de8b7734ed374.jpeg
 Graphic file (type jpg)
<use ./tex2pdf.-ef964906f4c8b564/ae7a112915ec40bddabe156eb04de8b7734ed374.jpeg>

Package pdftex.def Info: ./tex2pdf.-ef964906f4c8b564/ae7a112915ec40bddabe156eb0
4de8b7734ed374.jpeg  used on input line 425.
(pdftex.def)             Requested size: 344.99939pt x 51.84961pt.

[7 <./tex2pdf.-ef964906f4c8b564/afd876be6892cadfcd37d9f52cb2d80956c63331.jpeg> 
<./tex2pdf.-ef964906f4c8b564/ae7a112915ec40bddabe156eb04de8b7734ed374.jpeg>]
(C:\DevOps_Tools_Step_By_Step\Section26_GitOps\prerequis\./tex2pdf.-ef964906f4c
8b564\input.aux)
 ***********
LaTeX2e <2023-11-01> patch level 1
L3 programming layer <2024-01-04>
 ***********
 ) 
Here is how much of TeX's memory you used:
 12794 strings out of 474486
 206153 string characters out of 5753537
 1934542 words of memory out of 5000000
 34834 multiletter control sequences out of 15000+600000
 579976 words of font info for 74 fonts, out of 8000000 for 9000
 1141 hyphenation exceptions out of 8191
 77i,6n,81p,1030b,565s stack positions out of 10000i,1000n,20000p,200000b,200000s
<C:/Program Files/MiKTeX/fonts/type1/public/lm/lmbx10.pfb><C:/Program Files/M
iKTeX/fonts/type1/public/lm/lmbx12.pfb><C:/Program Files/MiKTeX/fonts/type1/pub
lic/lm/lmr10.pfb><C:/Program Files/MiKTeX/fonts/type1/public/lm/lmtt10.pfb>
Output written on C:\DevOps_Tools_Step_By_Step\Section26_GitOps\prerequis\tex2p
df.-ef964906f4c8b564\input.pdf (7 pages, 535018 bytes).
PDF statistics:
 179 PDF objects out of 1000 (max. 8388607)
 40 named destinations out of 1000 (max. 500000)
 14554 words of extra memory for PDF output out of 17280 (max. 10000000)

