This is pdfTeX, Version 3.141592653-2.6-1.40.25 (MiKTeX 23.12) (preloaded format=pdflatex 2024.1.23)  5 FEB 2024 10:20
entering extended mode
 restricted \write18 enabled.
 %&-line parsing enabled.
**./tex2pdf.-1a93f3028c5d50e8/input.tex
(tex2pdf.-1a93f3028c5d50e8/input.tex
LaTeX2e <2023-11-01> patch level 1
L3 programming layer <2024-01-04>
(C:\Program Files\MiKTeX\tex/latex/base\article.cls
Document Class: article 2023/05/17 v1.4n Standard LaTeX document class
(C:\Program Files\MiKTeX\tex/latex/base\size10.clo
File: size10.clo 2023/05/17 v1.4n Standard LaTeX file (size option)
)
\c@part=\count187
\c@section=\count188
\c@subsection=\count189
\c@subsubsection=\count190
\c@paragraph=\count191
\c@subparagraph=\count192
\c@figure=\count193
\c@table=\count194
\abovecaptionskip=\skip48
\belowcaptionskip=\skip49
\bibindent=\dimen140
)
(C:\Program Files\MiKTeX\tex/latex/amsmath\amsmath.sty
Package: amsmath 2023/05/13 v2.17o AMS math features
\@mathmargin=\skip50

For additional information on amsmath, use the `?' option.
(C:\Program Files\MiKTeX\tex/latex/amsmath\amstext.sty
Package: amstext 2021/08/26 v2.01 AMS text

(C:\Program Files\MiKTeX\tex/latex/amsmath\amsgen.sty
File: amsgen.sty 1999/11/30 v2.0 generic functions
\@emptytoks=\toks17
\ex@=\dimen141
))
(C:\Program Files\MiKTeX\tex/latex/amsmath\amsbsy.sty
Package: amsbsy 1999/11/29 v1.2d Bold Symbols
\pmbraise@=\dimen142
)
(C:\Program Files\MiKTeX\tex/latex/amsmath\amsopn.sty
Package: amsopn 2022/04/08 v2.04 operator names
)
\inf@bad=\count195
LaTeX Info: Redefining \frac on input line 234.
\uproot@=\count196
\leftroot@=\count197
LaTeX Info: Redefining \overline on input line 399.
LaTeX Info: Redefining \colon on input line 410.
\classnum@=\count198
\DOTSCASE@=\count199
LaTeX Info: Redefining \ldots on input line 496.
LaTeX Info: Redefining \dots on input line 499.
LaTeX Info: Redefining \cdots on input line 620.
\Mathstrutbox@=\box51
\strutbox@=\box52
LaTeX Info: Redefining \big on input line 722.
LaTeX Info: Redefining \Big on input line 723.
LaTeX Info: Redefining \bigg on input line 724.
LaTeX Info: Redefining \Bigg on input line 725.
\big@size=\dimen143
LaTeX Font Info:    Redeclaring font encoding OML on input line 743.
LaTeX Font Info:    Redeclaring font encoding OMS on input line 744.
\macc@depth=\count266
LaTeX Info: Redefining \bmod on input line 905.
LaTeX Info: Redefining \pmod on input line 910.
LaTeX Info: Redefining \smash on input line 940.
LaTeX Info: Redefining \relbar on input line 970.
LaTeX Info: Redefining \Relbar on input line 971.
\c@MaxMatrixCols=\count267
\dotsspace@=\muskip16
\c@parentequation=\count268
\dspbrk@lvl=\count269
\tag@help=\toks18
\row@=\count270
\column@=\count271
\maxfields@=\count272
\andhelp@=\toks19
\eqnshift@=\dimen144
\alignsep@=\dimen145
\tagshift@=\dimen146
\tagwidth@=\dimen147
\totwidth@=\dimen148
\lineht@=\dimen149
\@envbody=\toks20
\multlinegap=\skip51
\multlinetaggap=\skip52
\mathdisplay@stack=\toks21
LaTeX Info: Redefining \[ on input line 2953.
LaTeX Info: Redefining \] on input line 2954.
)
(C:\Program Files\MiKTeX\tex/latex/amsfonts\amssymb.sty
Package: amssymb 2013/01/14 v3.01 AMS font symbols

(C:\Program Files\MiKTeX\tex/latex/amsfonts\amsfonts.sty
Package: amsfonts 2013/01/14 v3.01 Basic AMSFonts support
\symAMSa=\mathgroup4
\symAMSb=\mathgroup5
LaTeX Font Info:    Redeclaring math symbol \hbar on input line 98.
LaTeX Font Info:    Overwriting math alphabet `\mathfrak' in version `bold'
(Font)                  U/euf/m/n --> U/euf/b/n on input line 106.
))
(C:\Program Files\MiKTeX\tex/generic/iftex\iftex.sty
Package: iftex 2022/02/03 v1.0f TeX engine tests
)
(C:\Program Files\MiKTeX\tex/latex/base\fontenc.sty
Package: fontenc 2021/04/29 v2.0v Standard LaTeX package
)
(C:\Program Files\MiKTeX\tex/latex/base\inputenc.sty
Package: inputenc 2021/02/14 v1.3d Input encoding file
\inpenc@prehook=\toks22
\inpenc@posthook=\toks23
)
(C:\Program Files\MiKTeX\tex/latex/base\textcomp.sty
Package: textcomp 2020/02/02 v2.0n Standard LaTeX package
)
(C:\Program Files\MiKTeX\tex/latex/lm\lmodern.sty
Package: lmodern 2015/05/01 v1.6.1 Latin Modern Fonts
LaTeX Font Info:    Overwriting symbol font `operators' in version `normal'
(Font)                  OT1/cmr/m/n --> OT1/lmr/m/n on input line 22.
LaTeX Font Info:    Overwriting symbol font `letters' in version `normal'
(Font)                  OML/cmm/m/it --> OML/lmm/m/it on input line 23.
LaTeX Font Info:    Overwriting symbol font `symbols' in version `normal'
(Font)                  OMS/cmsy/m/n --> OMS/lmsy/m/n on input line 24.
LaTeX Font Info:    Overwriting symbol font `largesymbols' in version `normal'
(Font)                  OMX/cmex/m/n --> OMX/lmex/m/n on input line 25.
LaTeX Font Info:    Overwriting symbol font `operators' in version `bold'
(Font)                  OT1/cmr/bx/n --> OT1/lmr/bx/n on input line 26.
LaTeX Font Info:    Overwriting symbol font `letters' in version `bold'
(Font)                  OML/cmm/b/it --> OML/lmm/b/it on input line 27.
LaTeX Font Info:    Overwriting symbol font `symbols' in version `bold'
(Font)                  OMS/cmsy/b/n --> OMS/lmsy/b/n on input line 28.
LaTeX Font Info:    Overwriting symbol font `largesymbols' in version `bold'
(Font)                  OMX/cmex/m/n --> OMX/lmex/m/n on input line 29.
LaTeX Font Info:    Overwriting math alphabet `\mathbf' in version `normal'
(Font)                  OT1/cmr/bx/n --> OT1/lmr/bx/n on input line 31.
LaTeX Font Info:    Overwriting math alphabet `\mathsf' in version `normal'
(Font)                  OT1/cmss/m/n --> OT1/lmss/m/n on input line 32.
LaTeX Font Info:    Overwriting math alphabet `\mathit' in version `normal'
(Font)                  OT1/cmr/m/it --> OT1/lmr/m/it on input line 33.
LaTeX Font Info:    Overwriting math alphabet `\mathtt' in version `normal'
(Font)                  OT1/cmtt/m/n --> OT1/lmtt/m/n on input line 34.
LaTeX Font Info:    Overwriting math alphabet `\mathbf' in version `bold'
(Font)                  OT1/cmr/bx/n --> OT1/lmr/bx/n on input line 35.
LaTeX Font Info:    Overwriting math alphabet `\mathsf' in version `bold'
(Font)                  OT1/cmss/bx/n --> OT1/lmss/bx/n on input line 36.
LaTeX Font Info:    Overwriting math alphabet `\mathit' in version `bold'
(Font)                  OT1/cmr/bx/it --> OT1/lmr/bx/it on input line 37.
LaTeX Font Info:    Overwriting math alphabet `\mathtt' in version `bold'
(Font)                  OT1/cmtt/m/n --> OT1/lmtt/m/n on input line 38.
)
(C:\Users\Caplogy_Data_002\AppData\Roaming\MiKTeX\tex/latex/upquote\upquote.sty
Package: upquote 2012/04/19 v1.3 upright-quote and grave-accent glyphs in verba
tim
)
(C:\Users\Caplogy_Data_002\AppData\Roaming\MiKTeX\tex/latex/microtype\microtype
.sty
Package: microtype 2023/03/13 v3.1a Micro-typographical refinements (RS)
 (C:\Program Files\MiKTeX\tex/latex/graphics\keyval.sty
Package: keyval 2022/05/29 v1.15 key=value parser (DPC)
\KV@toks@=\toks24
)
(C:\Program Files\MiKTeX\tex/latex/etoolbox\etoolbox.sty
Package: etoolbox 2020/10/05 v2.5k e-TeX tools for LaTeX (JAW)
\etb@tempcnta=\count273
)
\MT@toks=\toks25
\MT@tempbox=\box53
\MT@count=\count274
LaTeX Info: Redefining \noprotrusionifhmode on input line 1059.
LaTeX Info: Redefining \leftprotrusion on input line 1060.
\MT@prot@toks=\toks26
LaTeX Info: Redefining \rightprotrusion on input line 1078.
LaTeX Info: Redefining \textls on input line 1368.
\MT@outer@kern=\dimen150
LaTeX Info: Redefining \textmicrotypecontext on input line 1988.
\MT@listname@count=\count275

(C:\Users\Caplogy_Data_002\AppData\Roaming\MiKTeX\tex/latex/microtype\microtype
-pdftex.def
File: microtype-pdftex.def 2023/03/13 v3.1a Definitions specific to pdftex (RS)

LaTeX Info: Redefining \lsstyle on input line 902.
LaTeX Info: Redefining \lslig on input line 902.
\MT@outer@space=\skip53
)
Package microtype Info: Loading configuration file microtype.cfg.

(C:\Users\Caplogy_Data_002\AppData\Roaming\MiKTeX\tex/latex/microtype\microtype
.cfg
File: microtype.cfg 2023/03/13 v3.1a microtype main configuration file (RS)
))
(C:\Users\Caplogy_Data_002\AppData\Roaming\MiKTeX\tex/latex/parskip\parskip.sty
Package: parskip 2021-03-14 v2.0h non-zero parskip adjustments

(C:\Users\Caplogy_Data_002\AppData\Roaming\MiKTeX\tex/latex/kvoptions\kvoptions
.sty
Package: kvoptions 2022-06-15 v3.15 Key value format for package options (HO)

(C:\Users\Caplogy_Data_002\AppData\Roaming\MiKTeX\tex/generic/ltxcmds\ltxcmds.s
ty
Package: ltxcmds 2023-12-04 v1.26 LaTeX kernel commands for general use (HO)
)
(C:\Users\Caplogy_Data_002\AppData\Roaming\MiKTeX\tex/latex/kvsetkeys\kvsetkeys
.sty
Package: kvsetkeys 2022-10-05 v1.19 Key value parser (HO)
))) (C:\Program Files\MiKTeX\tex/latex/xcolor\xcolor.sty
Package: xcolor 2023/11/15 v3.01 LaTeX color extensions (UK)

(C:\Program Files\MiKTeX\tex/latex/graphics-cfg\color.cfg
File: color.cfg 2016/01/02 v1.6 sample color configuration
)
Package xcolor Info: Driver file: pdftex.def on input line 274.

(C:\Program Files\MiKTeX\tex/latex/graphics-def\pdftex.def
File: pdftex.def 2022/09/22 v1.2b Graphics/color driver for pdftex
)
(C:\Program Files\MiKTeX\tex/latex/graphics\mathcolor.ltx)
Package xcolor Info: Model `cmy' substituted by `cmy0' on input line 1350.
Package xcolor Info: Model `hsb' substituted by `rgb' on input line 1354.
Package xcolor Info: Model `RGB' extended on input line 1366.
Package xcolor Info: Model `HTML' substituted by `rgb' on input line 1368.
Package xcolor Info: Model `Hsb' substituted by `hsb' on input line 1369.
Package xcolor Info: Model `tHsb' substituted by `hsb' on input line 1370.
Package xcolor Info: Model `HSB' substituted by `hsb' on input line 1371.
Package xcolor Info: Model `Gray' substituted by `gray' on input line 1372.
Package xcolor Info: Model `wave' substituted by `hsb' on input line 1373.
)
(C:\Program Files\MiKTeX\tex/latex/graphics\graphicx.sty
Package: graphicx 2021/09/16 v1.2d Enhanced LaTeX Graphics (DPC,SPQR)

(C:\Program Files\MiKTeX\tex/latex/graphics\graphics.sty
Package: graphics 2022/03/10 v1.4e Standard LaTeX Graphics (DPC,SPQR)

(C:\Program Files\MiKTeX\tex/latex/graphics\trig.sty
Package: trig 2021/08/11 v1.11 sin cos tan (DPC)
)
(C:\Program Files\MiKTeX\tex/latex/graphics-cfg\graphics.cfg
File: graphics.cfg 2016/06/04 v1.11 sample graphics configuration
)
Package graphics Info: Driver file: pdftex.def on input line 107.
)
\Gin@req@height=\dimen151
\Gin@req@width=\dimen152
)
(C:\Users\Caplogy_Data_002\AppData\Roaming\MiKTeX\tex/latex/bookmark\bookmark.s
ty
Package: bookmark 2023-12-10 v1.31 PDF bookmarks (HO)
 (C:\Program Files\MiKTeX\tex/latex/hyperref\hyperref.sty
Package: hyperref 2023-11-26 v7.01g Hypertext links for LaTeX

(C:\Users\Caplogy_Data_002\AppData\Roaming\MiKTeX\tex/generic/infwarerr\infware
rr.sty
Package: infwarerr 2019/12/03 v1.5 Providing info/warning/error messages (HO)
)
(C:\Users\Caplogy_Data_002\AppData\Roaming\MiKTeX\tex/generic/kvdefinekeys\kvde
finekeys.sty
Package: kvdefinekeys 2019-12-19 v1.6 Define keys (HO)
)
(C:\Users\Caplogy_Data_002\AppData\Roaming\MiKTeX\tex/generic/pdfescape\pdfesca
pe.sty
Package: pdfescape 2019/12/09 v1.15 Implements pdfTeX's escape features (HO)
 (C:\Program Files\MiKTeX\tex/generic/pdftexcmds\pdftexcmds.sty
Package: pdftexcmds 2020-06-27 v0.33 Utility functions of pdfTeX for LuaTeX (HO
)
Package pdftexcmds Info: \pdf@primitive is available.
Package pdftexcmds Info: \pdf@ifprimitive is available.
Package pdftexcmds Info: \pdfdraftmode found.
))
(C:\Users\Caplogy_Data_002\AppData\Roaming\MiKTeX\tex/latex/hycolor\hycolor.sty
Package: hycolor 2020-01-27 v1.10 Color options for hyperref/bookmark (HO)
)
(C:\Users\Caplogy_Data_002\AppData\Roaming\MiKTeX\tex/latex/letltxmacro\letltxm
acro.sty
Package: letltxmacro 2019/12/03 v1.6 Let assignment for LaTeX macros (HO)
)
(C:\Users\Caplogy_Data_002\AppData\Roaming\MiKTeX\tex/latex/auxhook\auxhook.sty
Package: auxhook 2019-12-17 v1.6 Hooks for auxiliary files (HO)
) (C:\Program Files\MiKTeX\tex/latex/hyperref\nameref.sty
Package: nameref 2023-11-26 v2.56 Cross-referencing by name of section

(C:\Users\Caplogy_Data_002\AppData\Roaming\MiKTeX\tex/latex/refcount\refcount.s
ty
Package: refcount 2019/12/15 v3.6 Data extraction from label references (HO)
)
(C:\Users\Caplogy_Data_002\AppData\Roaming\MiKTeX\tex/generic/gettitlestring\ge
ttitlestring.sty
Package: gettitlestring 2019/12/15 v1.6 Cleanup title references (HO)
)
\c@section@level=\count276
)
\@linkdim=\dimen153
\Hy@linkcounter=\count277
\Hy@pagecounter=\count278
 (C:\Program Files\MiKTeX\tex/latex/hyperref\pd1enc.def
File: pd1enc.def 2023-11-26 v7.01g Hyperref: PDFDocEncoding definition (HO)
Now handling font encoding PD1 ...
... no UTF-8 mapping file for font encoding PD1
)
(C:\Users\Caplogy_Data_002\AppData\Roaming\MiKTeX\tex/generic/intcalc\intcalc.s
ty
Package: intcalc 2019/12/15 v1.3 Expandable calculations with integers (HO)
)
\Hy@SavedSpaceFactor=\count279
 (C:\Program Files\MiKTeX\tex/latex/hyperref\puenc.def
File: puenc.def 2023-11-26 v7.01g Hyperref: PDF Unicode definition (HO)
Now handling font encoding PU ...
... no UTF-8 mapping file for font encoding PU
)
Package hyperref Info: Option `unicode' set `true' on input line 4064.
Package hyperref Info: Hyper figures OFF on input line 4181.
Package hyperref Info: Link nesting OFF on input line 4186.
Package hyperref Info: Hyper index ON on input line 4189.
Package hyperref Info: Plain pages OFF on input line 4196.
Package hyperref Info: Backreferencing OFF on input line 4201.
Package hyperref Info: Implicit mode ON; LaTeX internals redefined.
Package hyperref Info: Bookmarks ON on input line 4448.
\c@Hy@tempcnt=\count280

(C:\Program Files\MiKTeX\tex/latex/url\url.sty
\Urlmuskip=\muskip17
Package: url 2013/09/16  ver 3.4  Verb mode for urls, etc.
)
LaTeX Info: Redefining \url on input line 4786.
\XeTeXLinkMargin=\dimen154

(C:\Users\Caplogy_Data_002\AppData\Roaming\MiKTeX\tex/generic/bitset\bitset.sty
Package: bitset 2019/12/09 v1.3 Handle bit-vector datatype (HO)

(C:\Users\Caplogy_Data_002\AppData\Roaming\MiKTeX\tex/generic/bigintcalc\bigint
calc.sty
Package: bigintcalc 2019/12/15 v1.5 Expandable calculations on big integers (HO
)
))
\Fld@menulength=\count281
\Field@Width=\dimen155
\Fld@charsize=\dimen156
Package hyperref Info: Hyper figures OFF on input line 6065.
Package hyperref Info: Link nesting OFF on input line 6070.
Package hyperref Info: Hyper index ON on input line 6073.
Package hyperref Info: backreferencing OFF on input line 6080.
Package hyperref Info: Link coloring OFF on input line 6085.
Package hyperref Info: Link coloring with OCG OFF on input line 6090.
Package hyperref Info: PDF/A mode OFF on input line 6095.
 (C:\Program Files\MiKTeX\tex/latex/base\atbegshi-ltx.sty
Package: atbegshi-ltx 2021/01/10 v1.0c Emulation of the original atbegshi
package with kernel methods
)
\Hy@abspage=\count282
\c@Item=\count283
\c@Hfootnote=\count284
)
Package hyperref Info: Driver (autodetected): hpdftex.

(C:\Program Files\MiKTeX\tex/latex/hyperref\hpdftex.def
File: hpdftex.def 2023-11-26 v7.01g Hyperref driver for pdfTeX

(C:\Program Files\MiKTeX\tex/latex/base\atveryend-ltx.sty
Package: atveryend-ltx 2020/08/19 v1.0a Emulation of the original atveryend pac
kage
with kernel methods
)
\Fld@listcount=\count285
\c@bookmark@seq@number=\count286

(C:\Users\Caplogy_Data_002\AppData\Roaming\MiKTeX\tex/latex/rerunfilecheck\reru
nfilecheck.sty
Package: rerunfilecheck 2022-07-10 v1.10 Rerun checks for auxiliary files (HO)

(C:\Users\Caplogy_Data_002\AppData\Roaming\MiKTeX\tex/generic/uniquecounter\uni
quecounter.sty
Package: uniquecounter 2019/12/15 v1.4 Provide unlimited unique counter (HO)
)
Package uniquecounter Info: New unique counter `rerunfilecheck' on input line 2
85.
)
\Hy@SectionHShift=\skip54
)
(C:\Users\Caplogy_Data_002\AppData\Roaming\MiKTeX\tex/latex/bookmark\bkm-pdftex
.def
File: bkm-pdftex.def 2023-12-10 v1.31 bookmark driver for pdfTeX and luaTeX (HO
)
\BKM@id=\count287
))
(C:\Users\Caplogy_Data_002\AppData\Roaming\MiKTeX\tex/latex/xurl\xurl.sty
Package: xurl 2022/01/09 v 0.10 modify URL breaks
)
LaTeX Font Info:    Trying to load font information for T1+lmr on input line 69
.

(C:\Program Files\MiKTeX\tex/latex/lm\t1lmr.fd
File: t1lmr.fd 2015/05/01 v1.6.1 Font defs for Latin Modern
)
(C:\Program Files\MiKTeX\tex/latex/l3backend\l3backend-pdftex.def
File: l3backend-pdftex.def 2024-01-04 L3 backend support: PDF output (pdfTeX)
\l__color_backend_stack_int=\count288
\l__pdf_internal_box=\box54
)
(C:\DevOps_Tools_Step_By_Step\Section21_Docker\./tex2pdf.-1a93f3028c5d50e8\inpu
t.aux)
\openout1 = `input.aux'.

LaTeX Font Info:    Checking defaults for OML/cmm/m/it on input line 69.
LaTeX Font Info:    ... okay on input line 69.
LaTeX Font Info:    Checking defaults for OMS/cmsy/m/n on input line 69.
LaTeX Font Info:    ... okay on input line 69.
LaTeX Font Info:    Checking defaults for OT1/cmr/m/n on input line 69.
LaTeX Font Info:    ... okay on input line 69.
LaTeX Font Info:    Checking defaults for T1/cmr/m/n on input line 69.
LaTeX Font Info:    ... okay on input line 69.
LaTeX Font Info:    Checking defaults for TS1/cmr/m/n on input line 69.
LaTeX Font Info:    ... okay on input line 69.
LaTeX Font Info:    Checking defaults for OMX/cmex/m/n on input line 69.
LaTeX Font Info:    ... okay on input line 69.
LaTeX Font Info:    Checking defaults for U/cmr/m/n on input line 69.
LaTeX Font Info:    ... okay on input line 69.
LaTeX Font Info:    Checking defaults for PD1/pdf/m/n on input line 69.
LaTeX Font Info:    ... okay on input line 69.
LaTeX Font Info:    Checking defaults for PU/pdf/m/n on input line 69.
LaTeX Font Info:    ... okay on input line 69.
LaTeX Info: Redefining \microtypecontext on input line 69.
Package microtype Info: Applying patch `item' on input line 69.
Package microtype Info: Applying patch `toc' on input line 69.
Package microtype Info: Applying patch `eqnum' on input line 69.
Package microtype Info: Applying patch `footnote' on input line 69.
Package microtype Info: Applying patch `verbatim' on input line 69.
Package microtype Info: Generating PDF output.
Package microtype Info: Character protrusion enabled (level 2).
Package microtype Info: Using protrusion set `basicmath'.
Package microtype Info: Automatic font expansion enabled (level 2),
(microtype)             stretch: 20, shrink: 20, step: 1, non-selected.
Package microtype Info: Using default expansion set `alltext-nott'.
LaTeX Info: Redefining \showhyphens on input line 69.
Package microtype Info: No adjustment of tracking.
Package microtype Info: No adjustment of interword spacing.
Package microtype Info: No adjustment of character kerning.

(C:\Users\Caplogy_Data_002\AppData\Roaming\MiKTeX\tex/latex/microtype\mt-cmr.cf
g
File: mt-cmr.cfg 2013/05/19 v2.2 microtype config. file: Computer Modern Roman 
(RS)
) (C:\Program Files\MiKTeX\tex/context/base/mkii\supp-pdf.mkii
[Loading MPS to PDF converter (version 2006.09.02).]
\scratchcounter=\count289
\scratchdimen=\dimen157
\scratchbox=\box55
\nofMPsegments=\count290
\nofMParguments=\count291
\everyMPshowfont=\toks27
\MPscratchCnt=\count292
\MPscratchDim=\dimen158
\MPnumerator=\count293
\makeMPintoPDFobject=\count294
\everyMPtoPDFconversion=\toks28
) (C:\Program Files\MiKTeX\tex/latex/epstopdf-pkg\epstopdf-base.sty
Package: epstopdf-base 2020-01-24 v2.11 Base part for package epstopdf
Package epstopdf-base Info: Redefining graphics rule for `.eps' on input line 4
85.

(C:\Program Files\MiKTeX\tex/latex/00miktex\epstopdf-sys.cfg
File: epstopdf-sys.cfg 2021/03/18 v2.0 Configuration of epstopdf for MiKTeX
))
Package hyperref Info: Link coloring OFF on input line 69.
LaTeX Font Info:    Trying to load font information for TS1+lmr on input line 7
8.

(C:\Program Files\MiKTeX\tex/latex/lm\ts1lmr.fd
File: ts1lmr.fd 2015/05/01 v1.6.1 Font defs for Latin Modern
)
LaTeX Font Info:    Trying to load font information for T1+lmtt on input line 8
2.

(C:\Program Files\MiKTeX\tex/latex/lm\t1lmtt.fd
File: t1lmtt.fd 2015/05/01 v1.6.1 Font defs for Latin Modern
)
Underfull \hbox (badness 10000) in paragraph at lines 108--112
[]\T1/lmr/m/n/10 (+20) Autrefois, lorsque nous n'avions \T1/lmtt/m/n/10 ni virt
ualisation ni cloud
 []

<./tex2pdf.-1a93f3028c5d50e8/images/image1.jpeg, id=3, 558.085pt x 324.21124pt>

File: ./tex2pdf.-1a93f3028c5d50e8/images/image1.jpeg Graphic file (type jpg)
<use ./tex2pdf.-1a93f3028c5d50e8/images/image1.jpeg>
Package pdftex.def Info: ./tex2pdf.-1a93f3028c5d50e8/images/image1.jpeg  used o
n input line 119.
(pdftex.def)             Requested size: 345.0128pt x 200.43008pt.
[1

{C:/Users/Caplogy_Data_002/AppData/Local/MiKTeX/fonts/map/pdftex/pdftex.map}{C:
/Program Files/MiKTeX/fonts/enc/dvips/lm/lm-ec.enc}{C:/Program Files/MiKTeX/fon
ts/enc/dvips/lm/lm-ts1.enc}]
<./tex2pdf.-1a93f3028c5d50e8/images/image2.jpeg, id=16, 831.105pt x 241.90375pt
>
File: ./tex2pdf.-1a93f3028c5d50e8/images/image2.jpeg Graphic file (type jpg)
<use ./tex2pdf.-1a93f3028c5d50e8/images/image2.jpeg>
Package pdftex.def Info: ./tex2pdf.-1a93f3028c5d50e8/images/image2.jpeg  used o
n input line 161.
(pdftex.def)             Requested size: 345.0036pt x 100.41771pt.
 [2 <./tex2pdf.-1a93f3028c5d50e8/images/image1.jpeg> <./tex2pdf.-1a93f3028c5d50
e8/images/image2.jpeg>]
<./tex2pdf.-1a93f3028c5d50e8/images/image3.jpeg, id=23, 469.755pt x 332.24126pt
>
File: ./tex2pdf.-1a93f3028c5d50e8/images/image3.jpeg Graphic file (type jpg)
<use ./tex2pdf.-1a93f3028c5d50e8/images/image3.jpeg>
Package pdftex.def Info: ./tex2pdf.-1a93f3028c5d50e8/images/image3.jpeg  used o
n input line 211.
(pdftex.def)             Requested size: 344.997pt x 244.00427pt.
LaTeX Font Info:    Trying to load font information for TS1+lmtt on input line 
222.

(C:\Program Files\MiKTeX\tex/latex/lm\ts1lmtt.fd
File: ts1lmtt.fd 2015/05/01 v1.6.1 Font defs for Latin Modern
) [3 <./tex2pdf.-1a93f3028c5d50e8/images/image3.jpeg>]
Overfull \hbox (5.2305pt too wide) in paragraph at lines 258--261
[]\T1/lmr/m/n/10 (-20) Livraison d'une ap-pli-ca-tion bun-dle avec toutes les d
épen-dances/bibliothèques
 []


Underfull \hbox (badness 1184) in paragraph at lines 264--267
[]\T1/lmr/m/n/10 (+20) Pensez à con-fig-urer une ap-pli-ca-tion dans une \T1/lm
tt/m/n/10 VM ou une machine
 []


Underfull \hbox (badness 10000) in paragraph at lines 267--272
\T1/lmtt/m/n/10 de l\TS1/lmtt/m/n/10 '\T1/lmtt/m/n/10 application déployée et d
e quelques modifications de
 []


Overfull \hbox (2.44154pt too wide) in paragraph at lines 287--292
\T1/lmr/m/n/10 (-20) les \T1/lmtt/m/n/10 conteneurs \T1/lmr/m/n/10 (-20) sont u
ne \T1/lmtt/m/n/10 virtualisation du système d\TS1/lmtt/m/n/10 '\T1/lmtt/m/n/10
 exploitation\T1/lmr/m/n/10 (-20) .7 
 []

[4]
Underfull \hbox (badness 1661) in paragraph at lines 314--317
[]\T1/lmr/m/n/10 (+20) Chaque \T1/lmtt/m/n/10 conteneur \T1/lmr/m/n/10 (+20) au
ra une \T1/lmtt/m/n/10 adresse IP et un port \T1/lmr/m/n/10 (+20) sur lesquels
 []

<./tex2pdf.-1a93f3028c5d50e8/images/image4.jpeg, id=37, 833.1125pt x 610.28pt>
File: ./tex2pdf.-1a93f3028c5d50e8/images/image4.jpeg Graphic file (type jpg)
<use ./tex2pdf.-1a93f3028c5d50e8/images/image4.jpeg>
Package pdftex.def Info: ./tex2pdf.-1a93f3028c5d50e8/images/image4.jpeg  used o
n input line 325.
(pdftex.def)             Requested size: 344.99794pt x 252.72137pt.

Underfull \hbox (badness 1033) in paragraph at lines 332--335
[]\T1/lmr/m/n/10 (+20) Les \T1/lmtt/m/n/10 conteneurs \T1/lmr/m/n/10 (+20) sont
 très \T1/lmtt/m/n/10 légers \T1/lmr/m/n/10 (+20) car ils ne con-ti-en-nent que
 \T1/lmtt/m/n/10 les
 []

[5 <./tex2pdf.-1a93f3028c5d50e8/images/image4.jpeg>]
Underfull \hbox (badness 4168) in paragraph at lines 372--378
\T1/lmtt/m/n/10 les espaces de noms et les groupes de contrôle\T1/lmr/m/n/10 (+
20) , pour garan-tir
 []

<./tex2pdf.-1a93f3028c5d50e8/images/image5.jpeg, id=43, 327.2225pt x 247.92625p
t>
File: ./tex2pdf.-1a93f3028c5d50e8/images/image5.jpeg Graphic file (type jpg)
<use ./tex2pdf.-1a93f3028c5d50e8/images/image5.jpeg>
Package pdftex.def Info: ./tex2pdf.-1a93f3028c5d50e8/images/image5.jpeg  used o
n input line 405.
(pdftex.def)             Requested size: 327.2217pt x 247.92564pt.
<./tex2pdf.-1a93f3028c5d50e8/images/image6.jpeg, id=44, 504.88625pt x 281.05pt>

File: ./tex2pdf.-1a93f3028c5d50e8/images/image6.jpeg Graphic file (type jpg)
<use ./tex2pdf.-1a93f3028c5d50e8/images/image6.jpeg>
Package pdftex.def Info: ./tex2pdf.-1a93f3028c5d50e8/images/image6.jpeg  used o
n input line 429.
(pdftex.def)             Requested size: 345.00525pt x 192.05063pt.
<./tex2pdf.-1a93f3028c5d50e8/images/image7.jpeg, id=45, 607.26875pt x 844.15375
pt>
File: ./tex2pdf.-1a93f3028c5d50e8/images/image7.jpeg Graphic file (type jpg)
<use ./tex2pdf.-1a93f3028c5d50e8/images/image7.jpeg>
Package pdftex.def Info: ./tex2pdf.-1a93f3028c5d50e8/images/image7.jpeg  used o
n input line 443.
(pdftex.def)             Requested size: 345.00705pt x 479.5883pt.
[6] [7 <./tex2pdf.-1a93f3028c5d50e8/images/image5.jpeg> <./tex2pdf.-1a93f3028c5
d50e8/images/image6.jpeg>] [8 <./tex2pdf.-1a93f3028c5d50e8/images/image7.jpeg>]

Underfull \hbox (badness 6725) in paragraph at lines 470--473
[]\T1/lmr/m/n/10 (+20) Les an-ci-ennes ver-sions de \T1/lmtt/m/n/10 Docker \T1/
lmr/m/n/10 (+20) étaient ap-pelées \T1/lmtt/m/n/10 docker ou
 []

<./tex2pdf.-1a93f3028c5d50e8/images/image8.jpeg, id=63, 876.27374pt x 110.4125p
t>
File: ./tex2pdf.-1a93f3028c5d50e8/images/image8.jpeg Graphic file (type jpg)
<use ./tex2pdf.-1a93f3028c5d50e8/images/image8.jpeg>
Package pdftex.def Info: ./tex2pdf.-1a93f3028c5d50e8/images/image8.jpeg  used o
n input line 477.
(pdftex.def)             Requested size: 345.00786pt x 43.47177pt.
<./tex2pdf.-1a93f3028c5d50e8/images/image9.jpeg, id=64, 873.2625pt x 107.40125p
t>
File: ./tex2pdf.-1a93f3028c5d50e8/images/image9.jpeg Graphic file (type jpg)
<use ./tex2pdf.-1a93f3028c5d50e8/images/image9.jpeg>
Package pdftex.def Info: ./tex2pdf.-1a93f3028c5d50e8/images/image9.jpeg  used o
n input line 491.
(pdftex.def)             Requested size: 344.99486pt x 42.43039pt.
<./tex2pdf.-1a93f3028c5d50e8/images/image10.jpeg, id=65, 864.22874pt x 150.5625
pt>
File: ./tex2pdf.-1a93f3028c5d50e8/images/image10.jpeg Graphic file (type jpg)
<use ./tex2pdf.-1a93f3028c5d50e8/images/image10.jpeg>
Package pdftex.def Info: ./tex2pdf.-1a93f3028c5d50e8/images/image10.jpeg  used 
on input line 503.
(pdftex.def)             Requested size: 344.99963pt x 60.10446pt.
<./tex2pdf.-1a93f3028c5d50e8/images/image11.jpeg, id=66, 871.255pt x 111.41624p
t>
File: ./tex2pdf.-1a93f3028c5d50e8/images/image11.jpeg Graphic file (type jpg)
<use ./tex2pdf.-1a93f3028c5d50e8/images/image11.jpeg>
Package pdftex.def Info: ./tex2pdf.-1a93f3028c5d50e8/images/image11.jpeg  used 
on input line 515.
(pdftex.def)             Requested size: 344.99944pt x 44.11858pt.
<./tex2pdf.-1a93f3028c5d50e8/images/image12.jpeg, id=67, 874.26625pt x 110.4125
pt>
File: ./tex2pdf.-1a93f3028c5d50e8/images/image12.jpeg Graphic file (type jpg)
<use ./tex2pdf.-1a93f3028c5d50e8/images/image12.jpeg>
Package pdftex.def Info: ./tex2pdf.-1a93f3028c5d50e8/images/image12.jpeg  used 
on input line 527.
(pdftex.def)             Requested size: 345.00455pt x 43.57117pt.
<./tex2pdf.-1a93f3028c5d50e8/images/image13.jpeg, id=68, 869.2475pt x 107.40125
pt>
File: ./tex2pdf.-1a93f3028c5d50e8/images/image13.jpeg Graphic file (type jpg)
<use ./tex2pdf.-1a93f3028c5d50e8/images/image13.jpeg>
Package pdftex.def Info: ./tex2pdf.-1a93f3028c5d50e8/images/image13.jpeg  used 
on input line 542.
(pdftex.def)             Requested size: 345.00032pt x 42.62704pt.
[9 <./tex2pdf.-1a93f3028c5d50e8/images/image8.jpeg> <./tex2pdf.-1a93f3028c5d50e
8/images/image9.jpeg> <./tex2pdf.-1a93f3028c5d50e8/images/image10.jpeg>]
<./tex2pdf.-1a93f3028c5d50e8/images/image14.jpeg, id=77, 873.2625pt x 125.46875
pt>
File: ./tex2pdf.-1a93f3028c5d50e8/images/image14.jpeg Graphic file (type jpg)
<use ./tex2pdf.-1a93f3028c5d50e8/images/image14.jpeg>
Package pdftex.def Info: ./tex2pdf.-1a93f3028c5d50e8/images/image14.jpeg  used 
on input line 559.
(pdftex.def)             Requested size: 344.99486pt x 49.56822pt.
<./tex2pdf.-1a93f3028c5d50e8/images/image15.jpeg, id=78, 879.285pt x 111.41624p
t>
File: ./tex2pdf.-1a93f3028c5d50e8/images/image15.jpeg Graphic file (type jpg)
<use ./tex2pdf.-1a93f3028c5d50e8/images/image15.jpeg>
Package pdftex.def Info: ./tex2pdf.-1a93f3028c5d50e8/images/image15.jpeg  used 
on input line 573.
(pdftex.def)             Requested size: 344.99937pt x 43.71567pt.

[10 <./tex2pdf.-1a93f3028c5d50e8/images/image11.jpeg> <./tex2pdf.-1a93f3028c5d5
0e8/images/image12.jpeg> <./tex2pdf.-1a93f3028c5d50e8/images/image13.jpeg>]
<./tex2pdf.-1a93f3028c5d50e8/images/image16.jpeg, id=87, 888.31876pt x 123.4612
4pt>
File: ./tex2pdf.-1a93f3028c5d50e8/images/image16.jpeg Graphic file (type jpg)
<use ./tex2pdf.-1a93f3028c5d50e8/images/image16.jpeg>
Package pdftex.def Info: ./tex2pdf.-1a93f3028c5d50e8/images/image16.jpeg  used 
on input line 630.
(pdftex.def)             Requested size: 344.99257pt x 47.9481pt.
<./tex2pdf.-1a93f3028c5d50e8/images/image17.jpeg, id=88, 870.25125pt x 472.7662
5pt>
File: ./tex2pdf.-1a93f3028c5d50e8/images/image17.jpeg Graphic file (type jpg)
<use ./tex2pdf.-1a93f3028c5d50e8/images/image17.jpeg>
Package pdftex.def Info: ./tex2pdf.-1a93f3028c5d50e8/images/image17.jpeg  used 
on input line 655.
(pdftex.def)             Requested size: 345.00034pt x 187.42232pt.

Overfull \hbox (8.13994pt too wide) in paragraph at lines 662--664
[]\T1/lmr/m/n/10 (-20) Exécutez à nou-veau la com-mande \T1/lmtt/m/n/10 docker 
images \T1/lmr/m/n/10 (-20) pour voir l'\T1/lmtt/m/n/10 ubuntu:latest
 []

<./tex2pdf.-1a93f3028c5d50e8/images/image18.jpeg, id=89, 873.2625pt x 183.68625
pt>
File: ./tex2pdf.-1a93f3028c5d50e8/images/image18.jpeg Graphic file (type jpg)
<use ./tex2pdf.-1a93f3028c5d50e8/images/image18.jpeg>
Package pdftex.def Info: ./tex2pdf.-1a93f3028c5d50e8/images/image18.jpeg  used 
on input line 668.
(pdftex.def)             Requested size: 344.99486pt x 72.56787pt.
[11 <./tex2pdf.-1a93f3028c5d50e8/images/image14.jpeg> <./tex2pdf.-1a93f3028c5d5
0e8/images/image15.jpeg> <./tex2pdf.-1a93f3028c5d50e8/images/image16.jpeg>]
[12 <./tex2pdf.-1a93f3028c5d50e8/images/image17.jpeg> <./tex2pdf.-1a93f3028c5d5
0e8/images/image18.jpeg>]
<./tex2pdf.-1a93f3028c5d50e8/images/image19.jpeg, id=104, 870.25125pt x 153.573
75pt>
File: ./tex2pdf.-1a93f3028c5d50e8/images/image19.jpeg Graphic file (type jpg)
<use ./tex2pdf.-1a93f3028c5d50e8/images/image19.jpeg>
Package pdftex.def Info: ./tex2pdf.-1a93f3028c5d50e8/images/image19.jpeg  used 
on input line 700.
(pdftex.def)             Requested size: 345.00034pt x 60.8824pt.
<./tex2pdf.-1a93f3028c5d50e8/images/image20.jpeg, id=105, 873.2625pt x 235.8812
6pt>
File: ./tex2pdf.-1a93f3028c5d50e8/images/image20.jpeg Graphic file (type jpg)
<use ./tex2pdf.-1a93f3028c5d50e8/images/image20.jpeg>
Package pdftex.def Info: ./tex2pdf.-1a93f3028c5d50e8/images/image20.jpeg  used 
on input line 738.
(pdftex.def)             Requested size: 344.99486pt x 93.18826pt.
 [13 <./tex2pdf.-1a93f3028c5d50e8/images/image19.jpeg> <./tex2pdf.-1a93f3028c5d
50e8/images/image20.jpeg>]
<./tex2pdf.-1a93f3028c5d50e8/images/image21.jpeg, id=114, 876.27374pt x 268.001
25pt>
File: ./tex2pdf.-1a93f3028c5d50e8/images/image21.jpeg Graphic file (type jpg)
<use ./tex2pdf.-1a93f3028c5d50e8/images/image21.jpeg>
Package pdftex.def Info: ./tex2pdf.-1a93f3028c5d50e8/images/image21.jpeg  used 
on input line 781.
(pdftex.def)             Requested size: 345.00786pt x 105.51785pt.
 [14 <./tex2pdf.-1a93f3028c5d50e8/images/image21.jpeg>]
<./tex2pdf.-1a93f3028c5d50e8/images/image22.jpeg, id=121, 873.2625pt x 160.6pt>

File: ./tex2pdf.-1a93f3028c5d50e8/images/image22.jpeg Graphic file (type jpg)
<use ./tex2pdf.-1a93f3028c5d50e8/images/image22.jpeg>
Package pdftex.def Info: ./tex2pdf.-1a93f3028c5d50e8/images/image22.jpeg  used 
on input line 820.
(pdftex.def)             Requested size: 344.99486pt x 63.44733pt.

Overfull \hbox (37.99905pt too wide) in paragraph at lines 834--835
[]\T1/lmtt/m/n/10 docker exec -options <\TS1/lmtt/m/n/10 '\T1/lmtt/m/n/10 conta
iner-name or container-id><\TS1/lmtt/m/n/10 '\T1/lmtt/m/n/10 command> 
 []

<./tex2pdf.-1a93f3028c5d50e8/images/image23.jpeg, id=122, 734.745pt x 145.54375
pt>
File: ./tex2pdf.-1a93f3028c5d50e8/images/image23.jpeg Graphic file (type jpg)
<use ./tex2pdf.-1a93f3028c5d50e8/images/image23.jpeg>
Package pdftex.def Info: ./tex2pdf.-1a93f3028c5d50e8/images/image23.jpeg  used 
on input line 854.
(pdftex.def)             Requested size: 345.00507pt x 68.34116pt.
<./tex2pdf.-1a93f3028c5d50e8/images/image24.jpeg, id=123, 732.7375pt x 180.675p
t>
File: ./tex2pdf.-1a93f3028c5d50e8/images/image24.jpeg Graphic file (type jpg)
<use ./tex2pdf.-1a93f3028c5d50e8/images/image24.jpeg>
Package pdftex.def Info: ./tex2pdf.-1a93f3028c5d50e8/images/image24.jpeg  used 
on input line 867.
(pdftex.def)             Requested size: 345.00162pt x 85.06888pt.
<./tex2pdf.-1a93f3028c5d50e8/images/image25.jpeg, id=124, 728.7225pt x 143.5362
5pt>
File: ./tex2pdf.-1a93f3028c5d50e8/images/image25.jpeg Graphic file (type jpg)
<use ./tex2pdf.-1a93f3028c5d50e8/images/image25.jpeg>
Package pdftex.def Info: ./tex2pdf.-1a93f3028c5d50e8/images/image25.jpeg  used 
on input line 880.
(pdftex.def)             Requested size: 344.99037pt x 67.95264pt.
[15 <./tex2pdf.-1a93f3028c5d50e8/images/image22.jpeg> <./tex2pdf.-1a93f3028c5d5
0e8/images/image23.jpeg>] [16 <./tex2pdf.-1a93f3028c5d50e8/images/image24.jpeg>
 <./tex2pdf.-1a93f3028c5d50e8/images/image25.jpeg>]
(C:\DevOps_Tools_Step_By_Step\Section21_Docker\./tex2pdf.-1a93f3028c5d50e8\inpu
t.aux)
 ***********
LaTeX2e <2023-11-01> patch level 1
L3 programming layer <2024-01-04>
 ***********
 ) 
Here is how much of TeX's memory you used:
 12937 strings out of 474486
 208775 string characters out of 5753537
 1939542 words of memory out of 5000000
 34939 multiletter control sequences out of 15000+600000
 581111 words of font info for 85 fonts, out of 8000000 for 9000
 1141 hyphenation exceptions out of 8191
 77i,6n,81p,1030b,584s stack positions out of 10000i,1000n,20000p,200000b,200000s
<C:/Program Files/MiKTeX/fonts/type1/public/lm/lmbx10.pfb><C:/Program Files/M
iKTeX/fonts/type1/public/lm/lmbx12.pfb><C:/Program Files/MiKTeX/fonts/type1/pub
lic/lm/lmr10.pfb><C:/Program Files/MiKTeX/fonts/type1/public/lm/lmtt10.pfb>
Output written on C:\DevOps_Tools_Step_By_Step\Section21_Docker\tex2pdf.-1a93f3
028c5d50e8\input.pdf (16 pages, 806517 bytes).
PDF statistics:
 212 PDF objects out of 1000 (max. 8388607)
 54 named destinations out of 1000 (max. 500000)
 14558 words of extra memory for PDF output out of 17280 (max. 10000000)

